<?xml version="1.0" encoding="UTF-8"?>
<testng-results ignored="0" total="1" passed="1" failed="0" skipped="0">
  <reporter-output>
    <line>
      <![CDATA[Browser sussessfuul open]]>
    </line>
    <line>
      <![CDATA[screenshot taken for TC 1000]]>
    </line>
    <line>
      <![CDATA[Logging out]]>
    </line>
    <line>
      <![CDATA[browsee successfull close]]>
    </line>
  </reporter-output>
  <suite started-at="2022-04-05T10:02:26 IST" name="Default suite" finished-at="2022-04-05T10:02:50 IST" duration-ms="24518">
    <groups>
    </groups>
    <test started-at="2022-04-05T10:02:26 IST" name="Default test" finished-at="2022-04-05T10:02:50 IST" duration-ms="24518">
      <class name="cs04test.NewTest">
        <test-method is-config="true" signature="lanuchbrowser()[pri:0, instance:cs04test.NewTest@59662a0b]" started-at="2022-04-05T10:02:26 IST" name="lanuchbrowser" finished-at="2022-04-05T10:02:39 IST" duration-ms="13114" status="PASS">
          <reporter-output>
            <line>
              <![CDATA[Browser sussessfuul open]]>
            </line>
          </reporter-output>
        </test-method> <!-- lanuchbrowser -->
        <test-method is-config="true" signature="loginToGuruApp()[pri:0, instance:cs04test.NewTest@59662a0b]" started-at="2022-04-05T10:02:39 IST" name="loginToGuruApp" finished-at="2022-04-05T10:02:48 IST" duration-ms="9543" status="PASS">
          <reporter-output>
          </reporter-output>
        </test-method> <!-- loginToGuruApp -->
        <test-method signature="validateUserName()[pri:0, instance:cs04test.NewTest@59662a0b]" started-at="2022-04-05T10:02:48 IST" name="validateUserName" finished-at="2022-04-05T10:02:50 IST" duration-ms="1280" status="PASS">
          <reporter-output>
            <line>
              <![CDATA[screenshot taken for TC 1000]]>
            </line>
          </reporter-output>
        </test-method> <!-- validateUserName -->
        <test-method is-config="true" signature="logoutGuruapp()[pri:0, instance:cs04test.NewTest@59662a0b]" started-at="2022-04-05T10:02:50 IST" name="logoutGuruapp" finished-at="2022-04-05T10:02:50 IST" duration-ms="1" status="PASS">
          <reporter-output>
            <line>
              <![CDATA[Logging out]]>
            </line>
          </reporter-output>
        </test-method> <!-- logoutGuruapp -->
        <test-method is-config="true" signature="closingBrowser()[pri:0, instance:cs04test.NewTest@59662a0b]" started-at="2022-04-05T10:02:50 IST" name="closingBrowser" finished-at="2022-04-05T10:02:50 IST" duration-ms="413" status="PASS">
          <reporter-output>
            <line>
              <![CDATA[browsee successfull close]]>
            </line>
          </reporter-output>
        </test-method> <!-- closingBrowser -->
      </class> <!-- cs04test.NewTest -->
    </test> <!-- Default test -->
  </suite> <!-- Default suite -->
</testng-results>
